Arguments: 
  /opt/nodejs/14.15.1/bin/node /opt/yarn/1.22.10/bin/yarn.js add @thallyssonklein/use-previous

PATH: 
  /usr/local/cargo/bin:/usr/local/sdkman/candidates/java/current/bin:/home/codespace/.rbenv/shims:/home/codespace/.vscode-remote/bin/3c4e3df9e89829dce27b7b5c24508306b151f30d/bin:/home/codespace/.vscode-remote/bin/3c4e3df9e89829dce27b7b5c24508306b151f30d/bin:/usr/local/sbin:/usr/local/bin:/usr/sbin:/usr/bin:/sbin:/bin:/home/codespace/.nvm/current/bin:/home/codespace/.npm-global/bin:/home/codespace/.dotnet:/home/codespace/.dotnet/tools:/usr/local/sdkman/bin:/usr/local/sdkman/candidates/gradle/current/bin:/usr/local/sdkman/java/current/bin:/opt/maven/lts:/usr/local/cargo/bin:/usr/local/go/bin:/go/bin:/usr/local/py-utils/bin:/opt/conda/condabin:/opt/oryx:/opt/nodejs/lts/bin:/opt/dotnet/lts:/opt/python/latest/bin:/opt/php/lts/bin:/opt/php-composer:/opt/yarn/stable/bin:/opt/hugo/lts::/opt/java/lts/bin:/opt/maven/lts/bin:/opt/ruby/lts/bin:/home/codespace/.local/bin:/usr/local/rvm/bin

Yarn version: 
  1.22.10

Node version: 
  14.15.1

Platform: 
  linux x64

Trace: 
  Error: https://registry.yarnpkg.com/@thallyssonklein%2fuse-previous: Not found
      at Request.params.callback [as _callback] (/opt/yarn/1.22.10/lib/cli.js:66988:18)
      at Request.self.callback (/opt/yarn/1.22.10/lib/cli.js:140749:22)
      at Request.emit (events.js:315:20)
      at Request.<anonymous> (/opt/yarn/1.22.10/lib/cli.js:141721:10)
      at Request.emit (events.js:315:20)
      at IncomingMessage.<anonymous> (/opt/yarn/1.22.10/lib/cli.js:141643:12)
      at Object.onceWrapper (events.js:421:28)
      at IncomingMessage.emit (events.js:327:22)
      at endReadableNT (_stream_readable.js:1327:12)
      at processTicksAndRejections (internal/process/task_queues.js:80:21)

npm manifest: 
  {
    "name": "DisplayBinanceCriptocurrencies",
    "version": "1.0.0",
    "description": "",
    "scripts": {
      "dev": "next dev"
    },
    "repository": {
      "type": "git",
      "url": "git+https://github.com/ThallyssonKlein/DisplayBinanceCriptocurrencies.git"
    },
    "keywords": [],
    "author": "https://github.com/ThallyssonKlein",
    "license": "ISC",
    "bugs": {
      "url": "https://github.com/ThallyssonKlein/DisplayBinanceCriptocurrencies/issues"
    },
    "homepage": "https://github.com/ThallyssonKlein/DisplayBinanceCriptocurrencies#readme",
    "dependencies": {
      "@emotion/react": "^11.1.5",
      "@emotion/styled": "^11.3.0",
      "@material-ui/core": "^4.11.4",
      "next": "^10.1.3",
      "nextjs-websocket": "^1.0.2",
      "react": "^17.0.2",
      "react-dom": "^17.0.2",
      "react-use-websocket": "^2.6.1"
    },
    "devDependencies": {
      "eslint": "^7.25.0",
      "eslint-config-airbnb": "^18.2.1",
      "eslint-plugin-import": "^2.22.1",
      "eslint-plugin-jsx-a11y": "^6.4.1",
      "eslint-plugin-react": "^7.23.2",
      "eslint-plugin-react-hooks": "^4.2.0"
    }
  }

yarn manifest: 
  No manifest

Lockfile: 
  No lockfile
